<?xml version="1.0" encoding="UTF-8"?>
<testng-results skipped="0" failed="0" ignored="0" total="1" passed="1">
  <reporter-output>
  </reporter-output>
  <suite name="Default suite" duration-ms="9602" started-at="2020-09-01T04:33:41Z" finished-at="2020-09-01T04:33:51Z">
    <groups>
      <group name="cucumber">
        <method signature="AbstractTestNGCucumberTests.runScenario(cucumber.api.testng.PickleEventWrapper, cucumber.api.testng.CucumberFeatureWrapper)[pri:0, instance:com.test.runner.APIRunner@7a4ccb53]" name="runScenario" class="cucumber.api.testng.AbstractTestNGCucumberTests"/>
      </group> <!-- cucumber -->
    </groups>
    <test name="Default test" duration-ms="9602" started-at="2020-09-01T04:33:41Z" finished-at="2020-09-01T04:33:51Z">
      <class name="com.test.runner.APIRunner">
        <test-method status="PASS" signature="setUpClass()[pri:0, instance:com.test.runner.APIRunner@7a4ccb53]" name="setUpClass" is-config="true" duration-ms="80" started-at="2020-09-01T04:33:41Z" finished-at="2020-09-01T04:33:41Z">
          <reporter-output>
          </reporter-output>
        </test-method> <!-- setUpClass -->
        <test-method status="PASS" signature="runScenario(cucumber.api.testng.PickleEventWrapper, cucumber.api.testng.CucumberFeatureWrapper)[pri:0, instance:com.test.runner.APIRunner@7a4ccb53]" name="runScenario" duration-ms="9457" started-at="2020-09-01T04:33:41Z" description="Runs Cucumber Scenarios" data-provider="scenarios" finished-at="2020-09-01T04:33:51Z">
          <params>
            <param index="0">
              <value>
                <![CDATA["Successful API method tesing"]]>
              </value>
            </param>
            <param index="1">
              <value>
                <![CDATA["Basic API testing"]]>
              </value>
            </param>
          </params>
          <reporter-output>
          </reporter-output>
        </test-method> <!-- runScenario -->
        <test-method status="PASS" signature="tearDownClass()[pri:0, instance:com.test.runner.APIRunner@7a4ccb53]" name="tearDownClass" is-config="true" duration-ms="28" started-at="2020-09-01T04:33:51Z" finished-at="2020-09-01T04:33:51Z">
          <reporter-output>
          </reporter-output>
        </test-method> <!-- tearDownClass -->
      </class> <!-- com.test.runner.APIRunner -->
    </test> <!-- Default test -->
  </suite> <!-- Default suite -->
</testng-results>
