<?xml version="1.0" encoding="UTF-8"?>
<testng-results skipped="0" failed="0" ignored="0" total="1" passed="1">
  <reporter-output>
  </reporter-output>
  <suite name="Suite" duration-ms="9367" started-at="2020-09-06T00:24:19Z" finished-at="2020-09-06T00:24:28Z">
    <groups>
      <group name="cucumber">
        <method signature="AbstractTestNGCucumberTests.runScenario(cucumber.api.testng.PickleEventWrapper, cucumber.api.testng.CucumberFeatureWrapper)[pri:0, instance:com.test.runner.APIRunner@25d250c6]" name="runScenario" class="cucumber.api.testng.AbstractTestNGCucumberTests"/>
      </group> <!-- cucumber -->
    </groups>
    <test name="Test" duration-ms="9367" started-at="2020-09-06T00:24:19Z" finished-at="2020-09-06T00:24:28Z">
      <class name="com.test.runner.APIRunner">
        <test-method status="PASS" signature="setUpClass()[pri:0, instance:com.test.runner.APIRunner@25d250c6]" name="setUpClass" is-config="true" duration-ms="80" started-at="2020-09-06T00:24:19Z" finished-at="2020-09-06T00:24:19Z">
          <reporter-output>
          </reporter-output>
        </test-method> <!-- setUpClass -->
        <test-method status="PASS" signature="runScenario(cucumber.api.testng.PickleEventWrapper, cucumber.api.testng.CucumberFeatureWrapper)[pri:0, instance:com.test.runner.APIRunner@25d250c6]" name="runScenario" duration-ms="9223" started-at="2020-09-06T00:24:19Z" description="Runs Cucumber Scenarios" data-provider="scenarios" finished-at="2020-09-06T00:24:28Z">
          <params>
            <param index="0">
              <value>
                <![CDATA["Successful API method tesing"]]>
              </value>
            </param>
            <param index="1">
              <value>
                <![CDATA["Basic API testing"]]>
              </value>
            </param>
          </params>
          <reporter-output>
          </reporter-output>
        </test-method> <!-- runScenario -->
        <test-method status="PASS" signature="tearDownClass()[pri:0, instance:com.test.runner.APIRunner@25d250c6]" name="tearDownClass" is-config="true" duration-ms="24" started-at="2020-09-06T00:24:28Z" finished-at="2020-09-06T00:24:28Z">
          <reporter-output>
          </reporter-output>
        </test-method> <!-- tearDownClass -->
      </class> <!-- com.test.runner.APIRunner -->
    </test> <!-- Test -->
  </suite> <!-- Suite -->
</testng-results>
